<?xml version="1.0" encoding="UTF-8"?>
<!-- Generated by org.testng.reporters.JUnitReportReporter -->
<testsuite skipped="0" hostname="yanal" name="First_Selenium.First_Selenium.GetNameForVidoOnYoutube" tests="1" failures="0" timestamp="09 Aug 2018 09:34:58 GMT" time="26.755" errors="0">
  <testcase name="openWebDriver" time="26.755" classname="First_Selenium.First_Selenium.GetNameForVidoOnYoutube"/>
</testsuite> <!-- First_Selenium.First_Selenium.GetNameForVidoOnYoutube -->
