<?xml version="1.0" encoding="UTF-8"?>
<!-- Generated by org.testng.reporters.JUnitReportReporter -->
<testsuite skipped="0" hostname="yanal" name="First_Selenium.First_Selenium.Login" tests="1" failures="0" timestamp="05 Aug 2018 11:57:55 GMT" time="21.114" errors="0">
  <testcase name="openwebDriver" time="21.114" classname="First_Selenium.First_Selenium.Login"/>
</testsuite> <!-- First_Selenium.First_Selenium.Login -->
