<?xml version="1.0" encoding="UTF-8"?>
<!-- Generated by org.testng.reporters.JUnitReportReporter -->
<testsuite skipped="0" hostname="yanal" name="First_Selenium.First_Selenium.GetNameForVidoOnYoutube" tests="1" failures="0" timestamp="08 Aug 2018 11:50:57 GMT" time="83.452" errors="0">
  <testcase name="openWebDriver" time="83.452" classname="First_Selenium.First_Selenium.GetNameForVidoOnYoutube"/>
</testsuite> <!-- First_Selenium.First_Selenium.GetNameForVidoOnYoutube -->
