<?xml version="1.0" encoding="UTF-8"?>
<!-- Generated by org.testng.reporters.JUnitReportReporter -->
<testsuite skipped="0" hostname="yanal" name="testNG.TestNGAnnotations" tests="2" failures="0" timestamp="09 Jul 2018 02:24:53 GMT" time="0.015" errors="0">
  <testcase name="test1" time="0.006" classname="testNG.TestNGAnnotations"/>
  <testcase name="test2" time="0.009" classname="testNG.TestNGAnnotations"/>
</testsuite> <!-- testNG.TestNGAnnotations -->
