<?xml version="1.0" encoding="UTF-8"?>
<!-- Generated by org.testng.reporters.JUnitReportReporter -->
<testsuite skipped="0" hostname="yanal" name="testNG.TestNGAnnotations" tests="2" failures="0" timestamp="08 Jul 2018 10:55:19 GMT" time="0.011" errors="0">
  <testcase name="test2" time="0.006" classname="testNG.TestNGAnnotations"/>
  <testcase name="test1" time="0.005" classname="testNG.TestNGAnnotations"/>
</testsuite> <!-- testNG.TestNGAnnotations -->
