<?xml version="1.0" encoding="UTF-8"?>
<!-- Generated by org.testng.reporters.JUnitReportReporter -->
<testsuite skipped="0" hostname="yanal" name="testNG.TestNGAnnotation2" tests="1" failures="0" timestamp="08 Jul 2018 06:35:44 GMT" time="0.000" errors="0">
  <testcase name="test3" time="0.000" classname="testNG.TestNGAnnotation2"/>
</testsuite> <!-- testNG.TestNGAnnotation2 -->
