<?xml version="1.0" encoding="UTF-8"?>
<!-- Generated by org.testng.reporters.JUnitReportReporter -->
<testsuite skipped="1" hostname="yanal" name="testNG.TestDependencTest" tests="4" failures="0" timestamp="08 Jul 2018 12:56:33 GMT" time="0.028" errors="0">
  <testcase name="test2" time="0.000" classname="testNG.TestDependencTest"/>
  <testcase name="test1" time="0.005" classname="testNG.TestDependencTest"/>
  <testcase name="test0" time="0.023" classname="testNG.TestDependencTest"/>
  <testcase name="test4" classname="testNG.TestDependencTest">
    <skipped/>
  </testcase> <!-- test4 -->
</testsuite> <!-- testNG.TestDependencTest -->
