<?xml version="1.0" encoding="UTF-8"?>
<!-- Generated by org.testng.reporters.JUnitReportReporter -->
<testsuite skipped="0" hostname="yanal" name="testNG.TestNGAnnotations" tests="2" failures="0" timestamp="08 Jul 2018 10:49:32 GMT" time="0.005" errors="0">
  <testcase name="test2" time="0.003" classname="testNG.TestNGAnnotations"/>
  <testcase name="test1" time="0.002" classname="testNG.TestNGAnnotations"/>
</testsuite> <!-- testNG.TestNGAnnotations -->
