<?xml version="1.0" encoding="UTF-8"?>
<!-- Generated by org.testng.reporters.JUnitReportReporter -->
<testsuite skipped="1" hostname="yanal" name="test_dependency.TestDependencTest" tests="4" failures="0" timestamp="09 Jul 2018 02:25:40 GMT" time="0.000" errors="0">
  <testcase name="test0" time="0.000" classname="test_dependency.TestDependencTest"/>
  <testcase name="test2" time="0.000" classname="test_dependency.TestDependencTest"/>
  <testcase name="test1" time="0.000" classname="test_dependency.TestDependencTest"/>
  <testcase name="test4" classname="test_dependency.TestDependencTest">
    <skipped/>
  </testcase> <!-- test4 -->
</testsuite> <!-- test_dependency.TestDependencTest -->
