<?xml version="1.0" encoding="UTF-8"?>
<!-- Generated by org.testng.reporters.JUnitReportReporter -->
<testsuite skipped="0" hostname="yanal" name="test_dependency.Positive" tests="1" failures="0" timestamp="09 Jul 2018 08:00:14 GMT" time="0.009" errors="0">
  <testcase name="test" time="0.009" classname="test_dependency.Positive"/>
</testsuite> <!-- test_dependency.Positive -->
