<?xml version="1.0" encoding="UTF-8"?>
<!-- Generated by org.testng.reporters.JUnitReportReporter -->
<testsuite skipped="0" hostname="yanal" name="test_dependency.Negative" tests="1" failures="0" timestamp="09 Jul 2018 07:17:29 GMT" time="0.000" errors="0">
  <testcase name="test" time="0.000" classname="test_dependency.Negative"/>
</testsuite> <!-- test_dependency.Negative -->
