<?xml version="1.0" encoding="UTF-8"?>
<!-- Generated by org.testng.reporters.JUnitReportReporter -->
<testsuite skipped="1" hostname="yanal" name="telnet.TelnetConection.TelnetConnection_Smnp_Test" tests="2" failures="0" timestamp="31 Jul 2018 06:30:38 GMT" time="6.203" errors="0">
  <testcase name="comparisonBetweenTelnetOutputAndSnmpOutput" time="6.203" classname="telnet.TelnetConection.TelnetConnection_Smnp_Test"/>
  <testcase name="upgradeSoftwareImage" classname="telnet.TelnetConection.TelnetConnection_Smnp_Test">
    <skipped/>
  </testcase> <!-- upgradeSoftwareImage -->
</testsuite> <!-- telnet.TelnetConection.TelnetConnection_Smnp_Test -->
