<?xml version="1.0" encoding="UTF-8"?>
<!-- Generated by org.testng.reporters.JUnitReportReporter -->
<testsuite skipped="1" hostname="yanal" name="telnet.TelnetConection.AppTest" tests="2" failures="0" timestamp="30 Jul 2018 10:00:13 GMT" time="2.122" errors="0">
  <testcase name="SmnpCheck" time="2.122" classname="telnet.TelnetConection.AppTest"/>
  <testcase name="upgradeSoftwareImage" classname="telnet.TelnetConection.AppTest">
    <skipped/>
  </testcase> <!-- upgradeSoftwareImage -->
</testsuite> <!-- telnet.TelnetConection.AppTest -->
