<?xml version="1.0" encoding="UTF-8"?>
<!-- Generated by org.testng.reporters.JUnitReportReporter -->
<testsuite skipped="0" hostname="yanal" name="telnet.TelnetConection.AclTest" tests="1" failures="0" timestamp="30 Jul 2018 08:51:16 GMT" time="4.179" errors="0">
  <testcase name="aclTest" time="4.179" classname="telnet.TelnetConection.AclTest"/>
</testsuite> <!-- telnet.TelnetConection.AclTest -->
